<?xml version="1.0" encoding="UTF-8"?>
<!-- Generated by org.testng.reporters.JUnitReportReporter -->
<testsuite hostname="ASDP1524PO01976" name="Apps.ACS.EmailPreference" tests="2" failures="0" timestamp="24 Jan 2017 10:33:03 GMT" time="15.311" errors="0">
  <testcase name="LoginApp" time="13.318" classname="Apps.ACS.EmailPreference"/>
  <testcase name="EmailLaunch" time="1.993" classname="Apps.ACS.EmailPreference"/>
</testsuite> <!-- Apps.ACS.EmailPreference -->
