<?xml version="1.0" encoding="UTF-8"?>
<!-- Generated by org.testng.reporters.JUnitReportReporter -->
<testsuite hostname="ASDP1524PO01976" name="Apps.ACS.Execution" tests="5" failures="0" timestamp="23 Jan 2017 07:36:30 GMT" time="72.518" errors="0">
  <testcase name="Launch" time="12.559" classname="Apps.ACS.Execution"/>
  <testcase name="FindMembership" time="23.108" classname="Apps.ACS.Execution"/>
  <testcase name="Membership" time="2.373" classname="Apps.ACS.Execution"/>
  <testcase name="Individual" time="32.109" classname="Apps.ACS.Execution"/>
  <testcase name="FindMembers" time="2.369" classname="Apps.ACS.Execution"/>
</testsuite> <!-- Apps.ACS.Execution -->
