<?xml version="1.0" encoding="UTF-8"?>
<!-- Generated by org.testng.reporters.JUnitReportReporter -->
<testsuite hostname="ASDP1524PO01976" name="Apps.ACS.Iweb_Regular_Active_Member" tests="5" failures="0" timestamp="24 Jan 2017 10:33:03 GMT" time="31.531" errors="0">
  <testcase name="MembershipA" time="0.090" classname="Apps.ACS.Iweb_Regular_Active_Member"/>
  <testcase name="FindMembershipA" time="4.463" classname="Apps.ACS.Iweb_Regular_Active_Member"/>
  <testcase name="IwebLaunch" time="13.121" classname="Apps.ACS.Iweb_Regular_Active_Member"/>
  <testcase name="FindMembersA" time="5.097" classname="Apps.ACS.Iweb_Regular_Active_Member"/>
  <testcase name="IndividualA" time="8.760" classname="Apps.ACS.Iweb_Regular_Active_Member"/>
</testsuite> <!-- Apps.ACS.Iweb_Regular_Active_Member -->
