<?xml version="1.0" encoding="UTF-8"?>
<!-- Generated by org.testng.reporters.JUnitReportReporter -->
<testsuite hostname="ASDP1524PO01976" name="Apps.ACS.Iweb_Active_Renewed_NoResponse" tests="5" failures="0" timestamp="24 Jan 2017 10:33:03 GMT" time="47.014" errors="0">
  <testcase name="IndividualR" time="31.200" classname="Apps.ACS.Iweb_Active_Renewed_NoResponse"/>
  <testcase name="MembershipR" time="2.536" classname="Apps.ACS.Iweb_Active_Renewed_NoResponse"/>
  <testcase name="FindMembersR" time="1.996" classname="Apps.ACS.Iweb_Active_Renewed_NoResponse"/>
  <testcase name="FindMembershipR" time="5.326" classname="Apps.ACS.Iweb_Active_Renewed_NoResponse"/>
  <testcase name="LaunchR" time="5.956" classname="Apps.ACS.Iweb_Active_Renewed_NoResponse"/>
</testsuite> <!-- Apps.ACS.Iweb_Active_Renewed_NoResponse -->
